Start testing: Sep 04 00:02 Central Daylight Time
----------------------------------------------------------
1/3 Testing: cw_01_tests
1/3 Test: cw_01_tests
Command: "C:/Users/Kien Yee/source/repos/acc-cosc-1337-fall-2019-kien-yee/out/build/x64-Debug/test/classwork_test/01_assign_test/cw_01_tests.exe" "-s"
Directory: C:/Users/Kien Yee/source/repos/acc-cosc-1337-fall-2019-kien-yee/out/build/x64-Debug/test/classwork_test/01_assign_test
"cw_01_tests" start time: Sep 04 00:02 Central Daylight Time
Output:
----------------------------------------------------------

~~~~~~~~~~~~~~~~~~~~~~~~~~~~~~~~~~~~~~~~~~~~~~~~~~~~~~~~~~~~~~~~~~~~~~~~~~~~~~~
cw_01_tests.exe is a Catch v2.2.2 host application.
Run with -? for options

-------------------------------------------------------------------------------
Verify Test Configuration
-------------------------------------------------------------------------------
C:\Users\Kien Yee\source\repos\acc-cosc-1337-fall-2019-kien-yee\test\classwork_test\01_assign_test\types_tests.cpp(5)
...............................................................................

C:\Users\Kien Yee\source\repos\acc-cosc-1337-fall-2019-kien-yee\test\classwork_test\01_assign_test\types_tests.cpp(6): 
PASSED:
  REQUIRE( true == true )

-------------------------------------------------------------------------------
Test sum_numbers function
-------------------------------------------------------------------------------
C:\Users\Kien Yee\source\repos\acc-cosc-1337-fall-2019-kien-yee\test\classwork_test\01_assign_test\types_tests.cpp(9)
...............................................................................

C:\Users\Kien Yee\source\repos\acc-cosc-1337-fall-2019-kien-yee\test\classwork_test\01_assign_test\types_tests.cpp(11): 
PASSED:
  REQUIRE( sum_numbers(5, 5) == 10 )
with expansion:
  10 == 10

C:\Users\Kien Yee\source\repos\acc-cosc-1337-fall-2019-kien-yee\test\classwork_test\01_assign_test\types_tests.cpp(12): FAILED:
  REQUIRE( sum_numbers(5, 5) == 11 )
with expansion:
  10 == 11

===============================================================================
test cases: 2 | 1 passed | 1 failed
assertions: 3 | 2 passed | 1 failed

<end of output>
Test time =   0.04 sec
----------------------------------------------------------
Test Failed.
"cw_01_tests" end time: Sep 04 00:02 Central Daylight Time
"cw_01_tests" time elapsed: 00:00:00
----------------------------------------------------------

2/3 Testing: ex_01_tests
2/3 Test: ex_01_tests
Command: "C:/Users/Kien Yee/source/repos/acc-cosc-1337-fall-2019-kien-yee/out/build/x64-Debug/test/examples_test/01_module_test/ex_01_tests.exe" "-s"
Directory: C:/Users/Kien Yee/source/repos/acc-cosc-1337-fall-2019-kien-yee/out/build/x64-Debug/test/examples_test/01_module_test
"ex_01_tests" start time: Sep 04 00:02 Central Daylight Time
Output:
----------------------------------------------------------

~~~~~~~~~~~~~~~~~~~~~~~~~~~~~~~~~~~~~~~~~~~~~~~~~~~~~~~~~~~~~~~~~~~~~~~~~~~~~~~
ex_01_tests.exe is a Catch v2.2.2 host application.
Run with -? for options

-------------------------------------------------------------------------------
Verify Test Configuration
-------------------------------------------------------------------------------
C:\Users\Kien Yee\source\repos\acc-cosc-1337-fall-2019-kien-yee\test\examples_test\01_module_test\01_module_tests.cpp(4)
...............................................................................

C:\Users\Kien Yee\source\repos\acc-cosc-1337-fall-2019-kien-yee\test\examples_test\01_module_test\01_module_tests.cpp(5): 
PASSED:
  REQUIRE( true == true )

===============================================================================
All tests passed (1 assertion in 1 test case)

<end of output>
Test time =   0.04 sec
----------------------------------------------------------
Test Passed.
"ex_01_tests" end time: Sep 04 00:02 Central Daylight Time
"ex_01_tests" time elapsed: 00:00:00
----------------------------------------------------------

3/3 Testing: hw_01_tests
3/3 Test: hw_01_tests
Command: "C:/Users/Kien Yee/source/repos/acc-cosc-1337-fall-2019-kien-yee/out/build/x64-Debug/test/homework_test/01_expressions_test/hw_01_tests.exe" "-s"
Directory: C:/Users/Kien Yee/source/repos/acc-cosc-1337-fall-2019-kien-yee/out/build/x64-Debug/test/homework_test/01_expressions_test
"hw_01_tests" start time: Sep 04 00:02 Central Daylight Time
Output:
----------------------------------------------------------

~~~~~~~~~~~~~~~~~~~~~~~~~~~~~~~~~~~~~~~~~~~~~~~~~~~~~~~~~~~~~~~~~~~~~~~~~~~~~~~
hw_01_tests.exe is a Catch v2.2.2 host application.
Run with -? for options

-------------------------------------------------------------------------------
Verify Test Configuration
-------------------------------------------------------------------------------
C:\Users\Kien Yee\source\repos\acc-cosc-1337-fall-2019-kien-yee\test\homework_test\01_expressions_test\01_expressions_tests.cpp(5)
...............................................................................

C:\Users\Kien Yee\source\repos\acc-cosc-1337-fall-2019-kien-yee\test\homework_test\01_expressions_test\01_expressions_tests.cpp(6): 
PASSED:
  REQUIRE( true == true )

-------------------------------------------------------------------------------
Verify sum_numbers function
-------------------------------------------------------------------------------
C:\Users\Kien Yee\source\repos\acc-cosc-1337-fall-2019-kien-yee\test\homework_test\01_expressions_test\01_expressions_tests.cpp(9)
...............................................................................

C:\Users\Kien Yee\source\repos\acc-cosc-1337-fall-2019-kien-yee\test\homework_test\01_expressions_test\01_expressions_tests.cpp(11): 
PASSED:
  REQUIRE( add_numbers(5, 5) == 10 )
with expansion:
  10 == 10

C:\Users\Kien Yee\source\repos\acc-cosc-1337-fall-2019-kien-yee\test\homework_test\01_expressions_test\01_expressions_tests.cpp(12): 
PASSED:
  REQUIRE( add_numbers(10, 10) == 20 )
with expansion:
  20 == 20

-------------------------------------------------------------------------------
Verify multiply_numbers function
-------------------------------------------------------------------------------
C:\Users\Kien Yee\source\repos\acc-cosc-1337-fall-2019-kien-yee\test\homework_test\01_expressions_test\01_expressions_tests.cpp(15)
...............................................................................

C:\Users\Kien Yee\source\repos\acc-cosc-1337-fall-2019-kien-yee\test\homework_test\01_expressions_test\01_expressions_tests.cpp(17): 
PASSED:
  REQUIRE( multiply_numbers(2, 4) == 8 )
with expansion:
  8 == 8

C:\Users\Kien Yee\source\repos\acc-cosc-1337-fall-2019-kien-yee\test\homework_test\01_expressions_test\01_expressions_tests.cpp(18): 
PASSED:
  REQUIRE( multiply_numbers(3, 5) == 15 )
with expansion:
  15 == 15

C:\Users\Kien Yee\source\repos\acc-cosc-1337-fall-2019-kien-yee\test\homework_test\01_expressions_test\01_expressions_tests.cpp(19): 
PASSED:
  REQUIRE( multiply_numbers(10, 10) == 100 )
with expansion:
  100 == 100

===============================================================================
All tests passed (6 assertions in 3 test cases)

<end of output>
Test time =   0.02 sec
----------------------------------------------------------
Test Passed.
"hw_01_tests" end time: Sep 04 00:02 Central Daylight Time
"hw_01_tests" time elapsed: 00:00:00
----------------------------------------------------------

End testing: Sep 04 00:02 Central Daylight Time
